<?xml version="1.0" encoding="UTF-8"?>
<!-- Generated by org.testng.reporters.JUnitReportReporter -->
<testsuite hostname="Ruslans-MacBook-Pro.local" failures="0" tests="2" name="framework.PropertiesTest" time="6.276" errors="0" timestamp="2020-02-06T18:50:17 CST" skipped="0">
  <testcase classname="framework.PropertiesTest" name="test1" time="0.001"/>
  <system-out/>
  <testcase classname="framework.PropertiesTest" name="testWithUtil" time="6.275"/>
  <system-out/>
</testsuite> <!-- framework.PropertiesTest -->
