<?xml version="1.0" encoding="UTF-8"?>
<!-- Generated by org.testng.reporters.JUnitReportReporter -->
<testsuite hostname="Ruslans-MacBook-Pro.local" failures="0" tests="1" name="framework.DriverTest" time="7.140" errors="0" timestamp="2020-02-06T18:50:17 CST" skipped="0">
  <testcase classname="framework.DriverTest" name="test" time="7.140"/>
  <system-out/>
</testsuite> <!-- framework.DriverTest -->
